Determining if the pthread_create exist failed with the following output:
Change Dir: /mnt/hgfs/ITTAPK/Richard/Exercise 5/TimerCallback/CMakeFiles/CMakeTmp

Run Build Command:"/usr/bin/make" "cmTC_6cae7/fast"
make: Warning: File 'Makefile' has modification time 7.4 s in the future
/usr/bin/make -f CMakeFiles/cmTC_6cae7.dir/build.make CMakeFiles/cmTC_6cae7.dir/build
make[1]: Entering directory '/mnt/hgfs/ITTAPK/Richard/Exercise 5/TimerCallback/CMakeFiles/CMakeTmp'
make[1]: Warning: File 'CMakeFiles/cmTC_6cae7.dir/flags.make' has modification time 7.3 s in the future
Building C object CMakeFiles/cmTC_6cae7.dir/CheckSymbolExists.c.o
/usr/bin/cc    -o CMakeFiles/cmTC_6cae7.dir/CheckSymbolExists.c.o   -c "/mnt/hgfs/ITTAPK/Richard/Exercise 5/TimerCallback/CMakeFiles/CMakeTmp/CheckSymbolExists.c"
Linking C executable cmTC_6cae7
/usr/bin/cmake -E cmake_link_script CMakeFiles/cmTC_6cae7.dir/link.txt --verbose=1
/usr/bin/cc      CMakeFiles/cmTC_6cae7.dir/CheckSymbolExists.c.o  -o cmTC_6cae7 
CMakeFiles/cmTC_6cae7.dir/CheckSymbolExists.c.o: In function `main':
CheckSymbolExists.c:(.text+0x1b): undefined reference to `pthread_create'
collect2: error: ld returned 1 exit status
CMakeFiles/cmTC_6cae7.dir/build.make:97: recipe for target 'cmTC_6cae7' failed
make[1]: *** [cmTC_6cae7] Error 1
make[1]: Leaving directory '/mnt/hgfs/ITTAPK/Richard/Exercise 5/TimerCallback/CMakeFiles/CMakeTmp'
Makefile:126: recipe for target 'cmTC_6cae7/fast' failed
make: *** [cmTC_6cae7/fast] Error 2

File /mnt/hgfs/ITTAPK/Richard/Exercise 5/TimerCallback/CMakeFiles/CMakeTmp/CheckSymbolExists.c:
/* */
#include <pthread.h>

int main(int argc, char** argv)
{
  (void)argv;
#ifndef pthread_create
  return ((int*)(&pthread_create))[argc];
#else
  (void)argc;
  return 0;
#endif
}

Determining if the function pthread_create exists in the pthreads failed with the following output:
Change Dir: /mnt/hgfs/ITTAPK/Richard/Exercise 5/TimerCallback/CMakeFiles/CMakeTmp

Run Build Command:"/usr/bin/make" "cmTC_9edeb/fast"
make: Warning: File 'Makefile' has modification time 7.4 s in the future
/usr/bin/make -f CMakeFiles/cmTC_9edeb.dir/build.make CMakeFiles/cmTC_9edeb.dir/build
make[1]: Entering directory '/mnt/hgfs/ITTAPK/Richard/Exercise 5/TimerCallback/CMakeFiles/CMakeTmp'
make[1]: Warning: File 'CMakeFiles/cmTC_9edeb.dir/flags.make' has modification time 6.4 s in the future
Building C object CMakeFiles/cmTC_9edeb.dir/CheckFunctionExists.c.o
/usr/bin/cc   -DCHECK_FUNCTION_EXISTS=pthread_create   -o CMakeFiles/cmTC_9edeb.dir/CheckFunctionExists.c.o   -c /usr/share/cmake-3.10/Modules/CheckFunctionExists.c
Linking C executable cmTC_9edeb
/usr/bin/cmake -E cmake_link_script CMakeFiles/cmTC_9edeb.dir/link.txt --verbose=1
/usr/bin/cc  -DCHECK_FUNCTION_EXISTS=pthread_create    CMakeFiles/cmTC_9edeb.dir/CheckFunctionExists.c.o  -o cmTC_9edeb -lpthreads 
/usr/bin/x86_64-linux-gnu-ld: cannot find -lpthreads
collect2: error: ld returned 1 exit status
CMakeFiles/cmTC_9edeb.dir/build.make:97: recipe for target 'cmTC_9edeb' failed
make[1]: *** [cmTC_9edeb] Error 1
make[1]: Leaving directory '/mnt/hgfs/ITTAPK/Richard/Exercise 5/TimerCallback/CMakeFiles/CMakeTmp'
Makefile:126: recipe for target 'cmTC_9edeb/fast' failed
make: *** [cmTC_9edeb/fast] Error 2


